c:\users\evan\desktop\snes9x-master\win32\debug\snes9x.bsc
c:\users\evan\desktop\snes9x-master\win32\debug\vc120.pdb
c:\users\evan\desktop\snes9x-master\win32\debug\bsx.sbr
c:\users\evan\desktop\snes9x-master\win32\debug\c4.sbr
c:\users\evan\desktop\snes9x-master\win32\debug\c4emu.sbr
c:\users\evan\desktop\snes9x-master\win32\debug\cheats.sbr
c:\users\evan\desktop\snes9x-master\win32\debug\cheats2.sbr
c:\users\evan\desktop\snes9x-master\win32\debug\clip.sbr
c:\users\evan\desktop\snes9x-master\win32\debug\conffile.sbr
c:\users\evan\desktop\snes9x-master\win32\debug\controls.sbr
c:\users\evan\desktop\snes9x-master\win32\debug\cpu.sbr
c:\users\evan\desktop\snes9x-master\win32\debug\cpuexec.sbr
c:\users\evan\desktop\snes9x-master\win32\debug\cpuops.sbr
c:\users\evan\desktop\snes9x-master\win32\debug\crosshairs.sbr
c:\users\evan\desktop\snes9x-master\win32\debug\debug.sbr
c:\users\evan\desktop\snes9x-master\win32\debug\dma.sbr
c:\users\evan\desktop\snes9x-master\win32\debug\dsp.sbr
c:\users\evan\desktop\snes9x-master\win32\debug\dsp1.sbr
c:\users\evan\desktop\snes9x-master\win32\debug\dsp2.sbr
c:\users\evan\desktop\snes9x-master\win32\debug\dsp3.sbr
c:\users\evan\desktop\snes9x-master\win32\debug\dsp4.sbr
c:\users\evan\desktop\snes9x-master\win32\debug\fxemu.sbr
c:\users\evan\desktop\snes9x-master\win32\debug\fxemu.obj
c:\users\evan\desktop\snes9x-master\win32\debug\dsp4.obj
c:\users\evan\desktop\snes9x-master\win32\debug\dsp3.obj
c:\users\evan\desktop\snes9x-master\win32\debug\dsp2.obj
c:\users\evan\desktop\snes9x-master\win32\debug\dsp1.obj
c:\users\evan\desktop\snes9x-master\win32\debug\dsp.obj
c:\users\evan\desktop\snes9x-master\win32\debug\dma.obj
c:\users\evan\desktop\snes9x-master\win32\debug\debug.obj
c:\users\evan\desktop\snes9x-master\win32\debug\crosshairs.obj
c:\users\evan\desktop\snes9x-master\win32\debug\cpuops.obj
c:\users\evan\desktop\snes9x-master\win32\debug\cpuexec.obj
c:\users\evan\desktop\snes9x-master\win32\debug\cpu.obj
c:\users\evan\desktop\snes9x-master\win32\debug\controls.obj
c:\users\evan\desktop\snes9x-master\win32\debug\conffile.obj
c:\users\evan\desktop\snes9x-master\win32\debug\clip.obj
c:\users\evan\desktop\snes9x-master\win32\debug\cheats2.obj
c:\users\evan\desktop\snes9x-master\win32\debug\cheats.obj
c:\users\evan\desktop\snes9x-master\win32\debug\c4emu.obj
c:\users\evan\desktop\snes9x-master\win32\debug\c4.obj
c:\users\evan\desktop\snes9x-master\win32\debug\bsx.obj
c:\users\evan\desktop\snes9x-master\win32\debug\fxinst.sbr
c:\users\evan\desktop\snes9x-master\win32\debug\gfx.sbr
c:\users\evan\desktop\snes9x-master\win32\debug\globals.sbr
c:\users\evan\desktop\snes9x-master\win32\debug\loadzip.sbr
c:\users\evan\desktop\snes9x-master\win32\debug\logger.sbr
c:\users\evan\desktop\snes9x-master\win32\debug\memmap.sbr
c:\users\evan\desktop\snes9x-master\win32\debug\movie.sbr
c:\users\evan\desktop\snes9x-master\win32\debug\netplay.sbr
c:\users\evan\desktop\snes9x-master\win32\debug\obc1.sbr
c:\users\evan\desktop\snes9x-master\win32\debug\ppu.sbr
c:\users\evan\desktop\snes9x-master\win32\debug\sa1.sbr
c:\users\evan\desktop\snes9x-master\win32\debug\sa1cpu.sbr
c:\users\evan\desktop\snes9x-master\win32\debug\screenshot.sbr
c:\users\evan\desktop\snes9x-master\win32\debug\sdd1.sbr
c:\users\evan\desktop\snes9x-master\win32\debug\sdd1emu.sbr
c:\users\evan\desktop\snes9x-master\win32\debug\server.sbr
c:\users\evan\desktop\snes9x-master\win32\debug\seta.sbr
c:\users\evan\desktop\snes9x-master\win32\debug\seta010.sbr
c:\users\evan\desktop\snes9x-master\win32\debug\seta011.sbr
c:\users\evan\desktop\snes9x-master\win32\debug\seta018.sbr
c:\users\evan\desktop\snes9x-master\win32\debug\seta018.obj
c:\users\evan\desktop\snes9x-master\win32\debug\seta011.obj
c:\users\evan\desktop\snes9x-master\win32\debug\seta010.obj
c:\users\evan\desktop\snes9x-master\win32\debug\seta.obj
c:\users\evan\desktop\snes9x-master\win32\debug\server.obj
c:\users\evan\desktop\snes9x-master\win32\debug\sdd1emu.obj
c:\users\evan\desktop\snes9x-master\win32\debug\sdd1.obj
c:\users\evan\desktop\snes9x-master\win32\debug\screenshot.obj
c:\users\evan\desktop\snes9x-master\win32\debug\sa1cpu.obj
c:\users\evan\desktop\snes9x-master\win32\debug\sa1.obj
c:\users\evan\desktop\snes9x-master\win32\debug\ppu.obj
c:\users\evan\desktop\snes9x-master\win32\debug\obc1.obj
c:\users\evan\desktop\snes9x-master\win32\debug\netplay.obj
c:\users\evan\desktop\snes9x-master\win32\debug\movie.obj
c:\users\evan\desktop\snes9x-master\win32\debug\memmap.obj
c:\users\evan\desktop\snes9x-master\win32\debug\logger.obj
c:\users\evan\desktop\snes9x-master\win32\debug\loadzip.obj
c:\users\evan\desktop\snes9x-master\win32\debug\globals.obj
c:\users\evan\desktop\snes9x-master\win32\debug\gfx.obj
c:\users\evan\desktop\snes9x-master\win32\debug\fxinst.obj
c:\users\evan\desktop\snes9x-master\win32\debug\snapshot.sbr
c:\users\evan\desktop\snes9x-master\win32\debug\snes9x.sbr
c:\users\evan\desktop\snes9x-master\win32\debug\spc7110.sbr
c:\users\evan\desktop\snes9x-master\win32\debug\srtc.sbr
c:\users\evan\desktop\snes9x-master\win32\debug\statemanager.sbr
c:\users\evan\desktop\snes9x-master\win32\debug\stream.sbr
c:\users\evan\desktop\snes9x-master\win32\debug\tile.sbr
c:\users\evan\desktop\snes9x-master\win32\debug\_tfwopen.sbr
c:\users\evan\desktop\snes9x-master\win32\debug\avioutput.sbr
c:\users\evan\desktop\snes9x-master\win32\debug\cxml.sbr
c:\users\evan\desktop\snes9x-master\win32\debug\inputcustom.sbr
c:\users\evan\desktop\snes9x-master\win32\debug\render.sbr
c:\users\evan\desktop\snes9x-master\win32\debug\wconfig.sbr
c:\users\evan\desktop\snes9x-master\win32\debug\win32.sbr
c:\users\evan\desktop\snes9x-master\win32\debug\win32_display.sbr
c:\users\evan\desktop\snes9x-master\win32\debug\win32_sound.sbr
c:\users\evan\desktop\snes9x-master\win32\debug\wsnes9x.sbr
c:\users\evan\desktop\snes9x-master\win32\debug\cdirectsound.sbr
c:\users\evan\desktop\snes9x-master\win32\debug\cfmod.sbr
c:\users\evan\desktop\snes9x-master\win32\debug\cfmodex.sbr
c:\users\evan\desktop\snes9x-master\win32\debug\cfmodex.obj
c:\users\evan\desktop\snes9x-master\win32\debug\cfmod.obj
c:\users\evan\desktop\snes9x-master\win32\debug\cdirectsound.obj
c:\users\evan\desktop\snes9x-master\win32\debug\wsnes9x.obj
c:\users\evan\desktop\snes9x-master\win32\debug\win32_sound.obj
c:\users\evan\desktop\snes9x-master\win32\debug\win32_display.obj
c:\users\evan\desktop\snes9x-master\win32\debug\win32.obj
c:\users\evan\desktop\snes9x-master\win32\debug\wconfig.obj
c:\users\evan\desktop\snes9x-master\win32\debug\render.obj
c:\users\evan\desktop\snes9x-master\win32\debug\inputcustom.obj
c:\users\evan\desktop\snes9x-master\win32\debug\cxml.obj
c:\users\evan\desktop\snes9x-master\win32\debug\avioutput.obj
c:\users\evan\desktop\snes9x-master\win32\debug\_tfwopen.obj
c:\users\evan\desktop\snes9x-master\win32\debug\tile.obj
c:\users\evan\desktop\snes9x-master\win32\debug\stream.obj
c:\users\evan\desktop\snes9x-master\win32\debug\statemanager.obj
c:\users\evan\desktop\snes9x-master\win32\debug\srtc.obj
c:\users\evan\desktop\snes9x-master\win32\debug\spc7110.obj
c:\users\evan\desktop\snes9x-master\win32\debug\snes9x.obj
c:\users\evan\desktop\snes9x-master\win32\debug\snapshot.obj
c:\users\evan\desktop\snes9x-master\win32\debug\cxaudio2.sbr
c:\users\evan\desktop\snes9x-master\win32\debug\ccgshader.sbr
c:\users\evan\desktop\snes9x-master\win32\debug\cdirect3d.sbr
c:\users\evan\desktop\snes9x-master\win32\debug\cdirectdraw.sbr
c:\users\evan\desktop\snes9x-master\win32\debug\cgfunctions.sbr
c:\users\evan\desktop\snes9x-master\win32\debug\copengl.sbr
c:\users\evan\desktop\snes9x-master\win32\debug\7zlzma.sbr
c:\users\evan\desktop\snes9x-master\win32\debug\crc32.sbr
c:\users\evan\desktop\snes9x-master\win32\debug\iiostrm.sbr
c:\users\evan\desktop\snes9x-master\win32\debug\inbyte.sbr
c:\users\evan\desktop\snes9x-master\win32\debug\jma.sbr
c:\users\evan\desktop\snes9x-master\win32\debug\lzma.sbr
c:\users\evan\desktop\snes9x-master\win32\debug\lzmadec.sbr
c:\users\evan\desktop\snes9x-master\win32\debug\s9x-jma.sbr
c:\users\evan\desktop\snes9x-master\win32\debug\winout.sbr
c:\users\evan\desktop\snes9x-master\win32\debug\apu.sbr
c:\users\evan\desktop\snes9x-master\win32\debug\sdsp.sbr
c:\users\evan\desktop\snes9x-master\win32\debug\spc_dsp.sbr
c:\users\evan\desktop\snes9x-master\win32\debug\spc_dsp.obj
c:\users\evan\desktop\snes9x-master\win32\debug\sdsp.obj
c:\users\evan\desktop\snes9x-master\win32\debug\apu.obj
c:\users\evan\desktop\snes9x-master\win32\debug\winout.obj
c:\users\evan\desktop\snes9x-master\win32\debug\s9x-jma.obj
c:\users\evan\desktop\snes9x-master\win32\debug\lzmadec.obj
c:\users\evan\desktop\snes9x-master\win32\debug\lzma.obj
c:\users\evan\desktop\snes9x-master\win32\debug\jma.obj
c:\users\evan\desktop\snes9x-master\win32\debug\inbyte.obj
c:\users\evan\desktop\snes9x-master\win32\debug\iiostrm.obj
c:\users\evan\desktop\snes9x-master\win32\debug\crc32.obj
c:\users\evan\desktop\snes9x-master\win32\debug\7zlzma.obj
c:\users\evan\desktop\snes9x-master\win32\debug\copengl.obj
c:\users\evan\desktop\snes9x-master\win32\debug\cgfunctions.obj
c:\users\evan\desktop\snes9x-master\win32\debug\cdirectdraw.obj
c:\users\evan\desktop\snes9x-master\win32\debug\cdirect3d.obj
c:\users\evan\desktop\snes9x-master\win32\debug\ccgshader.obj
c:\users\evan\desktop\snes9x-master\win32\debug\cxaudio2.obj
c:\users\evan\desktop\snes9x-master\win32\debug\smp.sbr
c:\users\evan\desktop\snes9x-master\win32\debug\smp_state.sbr
c:\users\evan\desktop\snes9x-master\win32\debug\2xsai.sbr
c:\users\evan\desktop\snes9x-master\win32\debug\blit.sbr
c:\users\evan\desktop\snes9x-master\win32\debug\epx.sbr
c:\users\evan\desktop\snes9x-master\win32\debug\hq2x.sbr
c:\users\evan\desktop\snes9x-master\win32\debug\xbrz.sbr
c:\users\evan\desktop\snes9x-master\win32\debug\xbrz.obj
c:\users\evan\desktop\snes9x-master\win32\debug\hq2x.obj
c:\users\evan\desktop\snes9x-master\win32\debug\epx.obj
c:\users\evan\desktop\snes9x-master\win32\debug\blit.obj
c:\users\evan\desktop\snes9x-master\win32\debug\2xsai.obj
c:\users\evan\desktop\snes9x-master\win32\debug\smp_state.obj
c:\users\evan\desktop\snes9x-master\win32\debug\smp.obj
c:\users\evan\desktop\snes9x-master\win32\debug\cd3dcg.sbr
c:\users\evan\desktop\snes9x-master\win32\debug\cglcg.sbr
c:\users\evan\desktop\snes9x-master\win32\debug\cglcg.obj
c:\users\evan\desktop\snes9x-master\win32\debug\cd3dcg.obj
c:\users\evan\desktop\snes9x-master\win32\debug\snescast.sbr
c:\users\evan\desktop\snes9x-master\win32\debug\snescast.obj
c:\users\evan\desktop\snes9x-master\win32\debug\ioapi.sbr
c:\users\evan\desktop\snes9x-master\win32\debug\iowin32.sbr
c:\users\evan\desktop\snes9x-master\win32\debug\mztools.sbr
c:\users\evan\desktop\snes9x-master\win32\debug\unzip.sbr
c:\users\evan\desktop\snes9x-master\win32\debug\zip.sbr
c:\users\evan\desktop\snes9x-master\win32\debug\snes_ntsc.sbr
c:\users\evan\desktop\snes9x-master\win32\debug\snes_ntsc.obj
c:\users\evan\desktop\snes9x-master\win32\debug\zip.obj
c:\users\evan\desktop\snes9x-master\win32\debug\unzip.obj
c:\users\evan\desktop\snes9x-master\win32\debug\mztools.obj
c:\users\evan\desktop\snes9x-master\win32\debug\iowin32.obj
c:\users\evan\desktop\snes9x-master\win32\debug\ioapi.obj
c:\users\evan\desktop\snes9x-master\win32\debug\snes9x.exe
c:\users\evan\desktop\snes9x-master\win32\debug\snes9x-debug.pdb
c:\users\evan\desktop\snes9x-master\win32\debug\snes9x.res
c:\users\evan\desktop\snes9x-master\win32\.\debug\snes9x.exe
c:\users\evan\desktop\snes9x-master\win32\debug\snes9x.tlog\bscmake.command.1.tlog
c:\users\evan\desktop\snes9x-master\win32\debug\snes9x.tlog\bscmake.read.1.tlog
c:\users\evan\desktop\snes9x-master\win32\debug\snes9x.tlog\bscmake.write.1.tlog
c:\users\evan\desktop\snes9x-master\win32\debug\snes9x.tlog\cl.command.1.tlog
c:\users\evan\desktop\snes9x-master\win32\debug\snes9x.tlog\cl.read.1.tlog
c:\users\evan\desktop\snes9x-master\win32\debug\snes9x.tlog\cl.write.1.tlog
c:\users\evan\desktop\snes9x-master\win32\debug\snes9x.tlog\link.command.1.tlog
c:\users\evan\desktop\snes9x-master\win32\debug\snes9x.tlog\link.read.1.tlog
c:\users\evan\desktop\snes9x-master\win32\debug\snes9x.tlog\link.write.1.tlog
c:\users\evan\desktop\snes9x-master\win32\debug\snes9x.tlog\rc.command.1.tlog
c:\users\evan\desktop\snes9x-master\win32\debug\snes9x.tlog\rc.read.1.tlog
c:\users\evan\desktop\snes9x-master\win32\debug\snes9x.tlog\rc.write.1.tlog
